	Command being timed: "gg-force src/frontend/mosh-server"
	User time (seconds): 1.17
	System time (seconds): 0.31
	Percent of CPU this job got: 1%
	Elapsed (wall clock) time (h:mm:ss or m:ss): 1:18.39
	Average shared text size (kbytes): 0
	Average unshared data size (kbytes): 0
	Average stack size (kbytes): 0
	Average total size (kbytes): 0
	Maximum resident set size (kbytes): 249872
	Average resident set size (kbytes): 0
	Major (requiring I/O) page faults: 0
	Minor (reclaiming a frame) page faults: 63568
	Voluntary context switches: 4358
	Involuntary context switches: 120
	Swaps: 0
	File system inputs: 0
	File system outputs: 20536
	Socket messages sent: 0
	Socket messages received: 0
	Signals delivered: 0
	Page size (bytes): 4096
	Exit status: 0
