	Command being timed: "gg-infer make -j4"
	User time (seconds): 1.67
	System time (seconds): 0.64
	Percent of CPU this job got: 150%
	Elapsed (wall clock) time (h:mm:ss or m:ss): 0:01.53
	Average shared text size (kbytes): 0
	Average unshared data size (kbytes): 0
	Average stack size (kbytes): 0
	Average total size (kbytes): 0
	Maximum resident set size (kbytes): 46172
	Average resident set size (kbytes): 0
	Major (requiring I/O) page faults: 0
	Minor (reclaiming a frame) page faults: 138263
	Voluntary context switches: 2593
	Involuntary context switches: 295
	Swaps: 0
	File system inputs: 0
	File system outputs: 263048
	Socket messages sent: 0
	Socket messages received: 0
	Signals delivered: 0
	Page size (bytes): 4096
	Exit status: 0
