	Command being timed: "gg-infer make -j4"
	User time (seconds): 10.88
	System time (seconds): 2.30
	Percent of CPU this job got: 311%
	Elapsed (wall clock) time (h:mm:ss or m:ss): 0:04.22
	Average shared text size (kbytes): 0
	Average unshared data size (kbytes): 0
	Average stack size (kbytes): 0
	Average total size (kbytes): 0
	Maximum resident set size (kbytes): 45228
	Average resident set size (kbytes): 0
	Major (requiring I/O) page faults: 0
	Minor (reclaiming a frame) page faults: 681803
	Voluntary context switches: 5526
	Involuntary context switches: 1631
	Swaps: 0
	File system inputs: 0
	File system outputs: 196360
	Socket messages sent: 0
	Socket messages received: 0
	Signals delivered: 0
	Page size (bytes): 4096
	Exit status: 0
