	Command being timed: "gg-force sshd"
	User time (seconds): 2.81
	System time (seconds): 0.49
	Percent of CPU this job got: 3%
	Elapsed (wall clock) time (h:mm:ss or m:ss): 1:39.28
	Average shared text size (kbytes): 0
	Average unshared data size (kbytes): 0
	Average stack size (kbytes): 0
	Average total size (kbytes): 0
	Maximum resident set size (kbytes): 232608
	Average resident set size (kbytes): 0
	Major (requiring I/O) page faults: 0
	Minor (reclaiming a frame) page faults: 57994
	Voluntary context switches: 7061
	Involuntary context switches: 194
	Swaps: 0
	File system inputs: 0
	File system outputs: 20536
	Socket messages sent: 0
	Socket messages received: 0
	Signals delivered: 0
	Page size (bytes): 4096
	Exit status: 0
