	Command being timed: "gg-force sshd"
	User time (seconds): 2.80
	System time (seconds): 0.51
	Percent of CPU this job got: 4%
	Elapsed (wall clock) time (h:mm:ss or m:ss): 1:13.17
	Average shared text size (kbytes): 0
	Average unshared data size (kbytes): 0
	Average stack size (kbytes): 0
	Average total size (kbytes): 0
	Maximum resident set size (kbytes): 249032
	Average resident set size (kbytes): 0
	Major (requiring I/O) page faults: 0
	Minor (reclaiming a frame) page faults: 58346
	Voluntary context switches: 7139
	Involuntary context switches: 198
	Swaps: 0
	File system inputs: 0
	File system outputs: 20536
	Socket messages sent: 0
	Socket messages received: 0
	Signals delivered: 0
	Page size (bytes): 4096
	Exit status: 0
