	Command being timed: "gg-infer make -j4"
	User time (seconds): 10.92
	System time (seconds): 2.34
	Percent of CPU this job got: 322%
	Elapsed (wall clock) time (h:mm:ss or m:ss): 0:04.11
	Average shared text size (kbytes): 0
	Average unshared data size (kbytes): 0
	Average stack size (kbytes): 0
	Average total size (kbytes): 0
	Maximum resident set size (kbytes): 45920
	Average resident set size (kbytes): 0
	Major (requiring I/O) page faults: 0
	Minor (reclaiming a frame) page faults: 678213
	Voluntary context switches: 4882
	Involuntary context switches: 1823
	Swaps: 0
	File system inputs: 0
	File system outputs: 148136
	Socket messages sent: 0
	Socket messages received: 0
	Signals delivered: 0
	Page size (bytes): 4096
	Exit status: 0
