	Command being timed: "gg-force sshd"
	User time (seconds): 2.72
	System time (seconds): 0.57
	Percent of CPU this job got: 3%
	Elapsed (wall clock) time (h:mm:ss or m:ss): 1:42.10
	Average shared text size (kbytes): 0
	Average unshared data size (kbytes): 0
	Average stack size (kbytes): 0
	Average total size (kbytes): 0
	Maximum resident set size (kbytes): 252492
	Average resident set size (kbytes): 0
	Major (requiring I/O) page faults: 0
	Minor (reclaiming a frame) page faults: 61225
	Voluntary context switches: 7162
	Involuntary context switches: 177
	Swaps: 0
	File system inputs: 0
	File system outputs: 20544
	Socket messages sent: 0
	Socket messages received: 0
	Signals delivered: 0
	Page size (bytes): 4096
	Exit status: 0
