	Command being timed: "gg-force src/vim"
	User time (seconds): 1.44
	System time (seconds): 0.40
	Percent of CPU this job got: 1%
	Elapsed (wall clock) time (h:mm:ss or m:ss): 2:07.34
	Average shared text size (kbytes): 0
	Average unshared data size (kbytes): 0
	Average stack size (kbytes): 0
	Average total size (kbytes): 0
	Maximum resident set size (kbytes): 244176
	Average resident set size (kbytes): 0
	Major (requiring I/O) page faults: 0
	Minor (reclaiming a frame) page faults: 59922
	Voluntary context switches: 6514
	Involuntary context switches: 240
	Swaps: 0
	File system inputs: 0
	File system outputs: 44352
	Socket messages sent: 0
	Socket messages received: 0
	Signals delivered: 0
	Page size (bytes): 4096
	Exit status: 0
