	Command being timed: "gg-force src/vim"
	User time (seconds): 1.49
	System time (seconds): 0.37
	Percent of CPU this job got: 1%
	Elapsed (wall clock) time (h:mm:ss or m:ss): 1:36.65
	Average shared text size (kbytes): 0
	Average unshared data size (kbytes): 0
	Average stack size (kbytes): 0
	Average total size (kbytes): 0
	Maximum resident set size (kbytes): 241772
	Average resident set size (kbytes): 0
	Major (requiring I/O) page faults: 0
	Minor (reclaiming a frame) page faults: 58304
	Voluntary context switches: 6706
	Involuntary context switches: 217
	Swaps: 0
	File system inputs: 0
	File system outputs: 44344
	Socket messages sent: 0
	Socket messages received: 0
	Signals delivered: 0
	Page size (bytes): 4096
	Exit status: 0
