	Command being timed: "gg-force src/vim"
	User time (seconds): 1.47
	System time (seconds): 0.40
	Percent of CPU this job got: 2%
	Elapsed (wall clock) time (h:mm:ss or m:ss): 1:33.49
	Average shared text size (kbytes): 0
	Average unshared data size (kbytes): 0
	Average stack size (kbytes): 0
	Average total size (kbytes): 0
	Maximum resident set size (kbytes): 225068
	Average resident set size (kbytes): 0
	Major (requiring I/O) page faults: 0
	Minor (reclaiming a frame) page faults: 58188
	Voluntary context switches: 6593
	Involuntary context switches: 231
	Swaps: 0
	File system inputs: 0
	File system outputs: 44344
	Socket messages sent: 0
	Socket messages received: 0
	Signals delivered: 0
	Page size (bytes): 4096
	Exit status: 0
