	Command being timed: "gg-force src/vim"
	User time (seconds): 1.41
	System time (seconds): 0.44
	Percent of CPU this job got: 2%
	Elapsed (wall clock) time (h:mm:ss or m:ss): 1:26.04
	Average shared text size (kbytes): 0
	Average unshared data size (kbytes): 0
	Average stack size (kbytes): 0
	Average total size (kbytes): 0
	Maximum resident set size (kbytes): 234412
	Average resident set size (kbytes): 0
	Major (requiring I/O) page faults: 0
	Minor (reclaiming a frame) page faults: 60427
	Voluntary context switches: 6558
	Involuntary context switches: 200
	Swaps: 0
	File system inputs: 0
	File system outputs: 44344
	Socket messages sent: 0
	Socket messages received: 0
	Signals delivered: 0
	Page size (bytes): 4096
	Exit status: 0
