	Command being timed: "gg-force src/frontend/mosh-server"
	User time (seconds): 1.04
	System time (seconds): 0.43
	Percent of CPU this job got: 1%
	Elapsed (wall clock) time (h:mm:ss or m:ss): 1:23.36
	Average shared text size (kbytes): 0
	Average unshared data size (kbytes): 0
	Average stack size (kbytes): 0
	Average total size (kbytes): 0
	Maximum resident set size (kbytes): 234748
	Average resident set size (kbytes): 0
	Major (requiring I/O) page faults: 0
	Minor (reclaiming a frame) page faults: 63331
	Voluntary context switches: 5449
	Involuntary context switches: 200
	Swaps: 0
	File system inputs: 0
	File system outputs: 20536
	Socket messages sent: 0
	Socket messages received: 0
	Signals delivered: 0
	Page size (bytes): 4096
	Exit status: 0
