	Command being timed: "gg-infer make -j4"
	User time (seconds): 27.76
	System time (seconds): 5.25
	Percent of CPU this job got: 305%
	Elapsed (wall clock) time (h:mm:ss or m:ss): 0:10.80
	Average shared text size (kbytes): 0
	Average unshared data size (kbytes): 0
	Average stack size (kbytes): 0
	Average total size (kbytes): 0
	Maximum resident set size (kbytes): 46352
	Average resident set size (kbytes): 0
	Major (requiring I/O) page faults: 0
	Minor (reclaiming a frame) page faults: 1687805
	Voluntary context switches: 16686
	Involuntary context switches: 4453
	Swaps: 0
	File system inputs: 0
	File system outputs: 441192
	Socket messages sent: 0
	Socket messages received: 0
	Signals delivered: 0
	Page size (bytes): 4096
	Exit status: 0
